<?xml version="1.0" encoding="UTF-8"?>
<!-- Generated by org.testng.reporters.JUnitReportReporter -->
<testsuite hostname="LAPTOP-JA9FMUB0" failures="0" tests="1" name="NewTours.RegistrationTest" time="32.674" errors="0" timestamp="2022-03-19T08:01:27 IST" skipped="0">
  <testcase classname="NewTours.RegistrationTest" name="verifyRegistration" time="32.674"/>
</testsuite> <!-- NewTours.RegistrationTest -->
